<?xml version="1.0" encoding="UTF-8"?>
<!-- Generated by org.testng.reporters.JUnitXMLReporter -->
<testsuite ignored="0" hostname="sangeetha-Lenovo-V130-14IKB" failures="0" tests="3" name="Default test" time="19.69" errors="0" timestamp="2019-12-02T18:18:11 IST">
  <testcase classname="Rida.Services$CompanyAgent" name="verifyTitle" time="0.016"/>
  <testcase classname="Rida.Services$CompanyAgent" name="login" time="0.879"/>
  <testcase classname="Rida.Services$CompanyAgent" name="AddAgent" time="15.456"/>
</testsuite> <!-- Default test -->
