<?xml version="1.0" encoding="UTF-8"?>
<testng-results ignored="0" total="3" passed="3" failed="0" skipped="0">
  <reporter-output>
  </reporter-output>
  <suite started-at="2019-12-02T18:17:51 IST" name="Default suite" finished-at="2019-12-02T18:18:11 IST" duration-ms="19690">
    <groups>
    </groups>
    <test started-at="2019-12-02T18:17:51 IST" name="Default test" finished-at="2019-12-02T18:18:11 IST" duration-ms="19690">
      <class name="Rida.Services$CompanyAgent">
        <test-method is-config="true" signature="setUp()[pri:0, instance:Rida.Services$CompanyAgent@13acb0d1]" started-at="2019-12-02T18:17:51 IST" name="setUp" finished-at="2019-12-02T18:17:54 IST" duration-ms="2628" status="PASS">
          <reporter-output>
          </reporter-output>
        </test-method> <!-- setUp -->
        <test-method signature="verifyTitle()[pri:0, instance:Rida.Services$CompanyAgent@13acb0d1]" started-at="2019-12-02T18:17:54 IST" name="verifyTitle" finished-at="2019-12-02T18:17:54 IST" duration-ms="16" status="PASS">
          <reporter-output>
          </reporter-output>
        </test-method> <!-- verifyTitle -->
        <test-method signature="login(java.lang.String, java.lang.String)[pri:1, instance:Rida.Services$CompanyAgent@13acb0d1]" started-at="2019-12-02T18:17:54 IST" name="login" data-provider="getTestDataForLogin" finished-at="2019-12-02T18:17:55 IST" duration-ms="879" status="PASS">
          <params>
            <param index="0">
              <value>
                <![CDATA[sakthi@codingmart.com]]>
              </value>
            </param>
            <param index="1">
              <value>
                <![CDATA[tester]]>
              </value>
            </param>
          </params>
          <reporter-output>
          </reporter-output>
        </test-method> <!-- login -->
        <test-method signature="AddAgent()[pri:2, instance:Rida.Services$CompanyAgent@13acb0d1]" started-at="2019-12-02T18:17:55 IST" name="AddAgent" finished-at="2019-12-02T18:18:11 IST" duration-ms="15456" status="PASS">
          <reporter-output>
          </reporter-output>
        </test-method> <!-- AddAgent -->
      </class> <!-- Rida.Services$CompanyAgent -->
    </test> <!-- Default test -->
  </suite> <!-- Default suite -->
</testng-results>
